{"C:\\Users\\hlvieira\\Desktop\\Henrique\\JS\\Node\\Node-URL-Shortener\\src\\logger.ts": {"path":"C:\\Users\\hlvieira\\Desktop\\Henrique\\JS\\Node\\Node-URL-Shortener\\src\\logger.ts","all":false,"statementMap":{"0":{"start":{"line":1,"column":0},"end":{"line":1,"column":24}},"1":{"start":{"line":2,"column":0},"end":{"line":2,"column":0}},"2":{"start":{"line":3,"column":0},"end":{"line":3,"column":37}},"3":{"start":{"line":4,"column":0},"end":{"line":4,"column":0}},"4":{"start":{"line":5,"column":0},"end":{"line":5,"column":42}},"5":{"start":{"line":6,"column":0},"end":{"line":6,"column":0}},"6":{"start":{"line":7,"column":0},"end":{"line":7,"column":21}},"7":{"start":{"line":8,"column":0},"end":{"line":8,"column":34}},"8":{"start":{"line":9,"column":0},"end":{"line":9,"column":30}},"9":{"start":{"line":10,"column":0},"end":{"line":10,"column":3}}},"s":{"0":1,"1":1,"2":1,"3":1,"4":1,"5":1,"6":1,"7":1,"8":1,"9":1},"branchMap":{},"b":{},"fnMap":{},"f":{}}
,"C:\\Users\\hlvieira\\Desktop\\Henrique\\JS\\Node\\Node-URL-Shortener\\src\\server.ts": {"path":"C:\\Users\\hlvieira\\Desktop\\Henrique\\JS\\Node\\Node-URL-Shortener\\src\\server.ts","all":false,"statementMap":{"0":{"start":{"line":1,"column":0},"end":{"line":1,"column":24}},"1":{"start":{"line":2,"column":0},"end":{"line":2,"column":53}},"2":{"start":{"line":3,"column":0},"end":{"line":3,"column":46}},"3":{"start":{"line":4,"column":0},"end":{"line":4,"column":0}},"4":{"start":{"line":5,"column":0},"end":{"line":5,"column":57}},"5":{"start":{"line":6,"column":0},"end":{"line":6,"column":30}},"6":{"start":{"line":7,"column":0},"end":{"line":7,"column":76}},"7":{"start":{"line":8,"column":0},"end":{"line":8,"column":54}},"8":{"start":{"line":9,"column":0},"end":{"line":9,"column":37}},"9":{"start":{"line":10,"column":0},"end":{"line":10,"column":0}},"10":{"start":{"line":11,"column":0},"end":{"line":11,"column":19}},"11":{"start":{"line":12,"column":0},"end":{"line":12,"column":23}},"12":{"start":{"line":13,"column":0},"end":{"line":13,"column":29}},"13":{"start":{"line":14,"column":0},"end":{"line":14,"column":40}},"14":{"start":{"line":15,"column":0},"end":{"line":15,"column":0}},"15":{"start":{"line":16,"column":0},"end":{"line":16,"column":36}},"16":{"start":{"line":17,"column":0},"end":{"line":17,"column":25}},"17":{"start":{"line":18,"column":0},"end":{"line":18,"column":3}},"18":{"start":{"line":19,"column":0},"end":{"line":19,"column":0}},"19":{"start":{"line":20,"column":0},"end":{"line":20,"column":32}},"20":{"start":{"line":21,"column":0},"end":{"line":21,"column":81}},"21":{"start":{"line":22,"column":0},"end":{"line":22,"column":120}},"22":{"start":{"line":23,"column":0},"end":{"line":23,"column":0}},"23":{"start":{"line":24,"column":0},"end":{"line":24,"column":34}},"24":{"start":{"line":25,"column":0},"end":{"line":25,"column":56}},"25":{"start":{"line":26,"column":0},"end":{"line":26,"column":0}},"26":{"start":{"line":27,"column":0},"end":{"line":27,"column":24}},"27":{"start":{"line":28,"column":0},"end":{"line":28,"column":44}},"28":{"start":{"line":29,"column":0},"end":{"line":29,"column":5}},"29":{"start":{"line":30,"column":0},"end":{"line":30,"column":0}},"30":{"start":{"line":31,"column":0},"end":{"line":31,"column":84}},"31":{"start":{"line":32,"column":0},"end":{"line":32,"column":3}},"32":{"start":{"line":33,"column":0},"end":{"line":33,"column":0}},"33":{"start":{"line":34,"column":0},"end":{"line":34,"column":36}},"34":{"start":{"line":35,"column":0},"end":{"line":35,"column":38}},"35":{"start":{"line":36,"column":0},"end":{"line":36,"column":3}},"36":{"start":{"line":37,"column":0},"end":{"line":37,"column":0}},"37":{"start":{"line":38,"column":0},"end":{"line":38,"column":38}},"38":{"start":{"line":39,"column":0},"end":{"line":39,"column":41}},"39":{"start":{"line":40,"column":0},"end":{"line":40,"column":3}},"40":{"start":{"line":41,"column":0},"end":{"line":41,"column":0}},"41":{"start":{"line":42,"column":0},"end":{"line":42,"column":48}},"42":{"start":{"line":43,"column":0},"end":{"line":43,"column":66}},"43":{"start":{"line":44,"column":0},"end":{"line":44,"column":18}},"44":{"start":{"line":45,"column":0},"end":{"line":45,"column":30}},"45":{"start":{"line":46,"column":0},"end":{"line":46,"column":5}},"46":{"start":{"line":47,"column":0},"end":{"line":47,"column":3}},"47":{"start":{"line":48,"column":0},"end":{"line":48,"column":0}},"48":{"start":{"line":49,"column":0},"end":{"line":49,"column":38}},"49":{"start":{"line":50,"column":0},"end":{"line":50,"column":24}},"50":{"start":{"line":51,"column":0},"end":{"line":51,"column":28}},"51":{"start":{"line":52,"column":0},"end":{"line":52,"column":0}},"52":{"start":{"line":53,"column":0},"end":{"line":53,"column":31}},"53":{"start":{"line":54,"column":0},"end":{"line":54,"column":0}},"54":{"start":{"line":55,"column":0},"end":{"line":55,"column":30}},"55":{"start":{"line":56,"column":0},"end":{"line":56,"column":0}},"56":{"start":{"line":57,"column":0},"end":{"line":57,"column":56}},"57":{"start":{"line":58,"column":0},"end":{"line":58,"column":34}},"58":{"start":{"line":59,"column":0},"end":{"line":59,"column":7}},"59":{"start":{"line":60,"column":0},"end":{"line":60,"column":3}},"60":{"start":{"line":61,"column":0},"end":{"line":61,"column":0}},"61":{"start":{"line":62,"column":0},"end":{"line":62,"column":27}},"62":{"start":{"line":63,"column":0},"end":{"line":63,"column":38}},"63":{"start":{"line":64,"column":0},"end":{"line":64,"column":60}},"64":{"start":{"line":65,"column":0},"end":{"line":65,"column":7}},"65":{"start":{"line":66,"column":0},"end":{"line":66,"column":16}},"66":{"start":{"line":67,"column":0},"end":{"line":67,"column":3}},"67":{"start":{"line":68,"column":0},"end":{"line":68,"column":0}},"68":{"start":{"line":69,"column":0},"end":{"line":69,"column":39}},"69":{"start":{"line":70,"column":0},"end":{"line":70,"column":20}},"70":{"start":{"line":71,"column":0},"end":{"line":71,"column":3}},"71":{"start":{"line":72,"column":0},"end":{"line":72,"column":0}},"72":{"start":{"line":73,"column":0},"end":{"line":73,"column":36}},"73":{"start":{"line":74,"column":0},"end":{"line":74,"column":20}},"74":{"start":{"line":75,"column":0},"end":{"line":75,"column":3}},"75":{"start":{"line":76,"column":0},"end":{"line":76,"column":1}},"76":{"start":{"line":77,"column":0},"end":{"line":77,"column":0}},"77":{"start":{"line":78,"column":0},"end":{"line":78,"column":27}}},"s":{"0":1,"1":1,"2":1,"3":1,"4":1,"5":1,"6":1,"7":1,"8":1,"9":1,"10":1,"11":1,"12":1,"13":1,"14":1,"15":1,"16":1,"17":1,"18":1,"19":1,"20":1,"21":1,"22":1,"23":1,"24":1,"25":1,"26":1,"27":1,"28":1,"29":1,"30":1,"31":1,"32":1,"33":1,"34":1,"35":1,"36":1,"37":1,"38":1,"39":1,"40":1,"41":1,"42":1,"43":1,"44":0,"45":0,"46":1,"47":1,"48":1,"49":1,"50":1,"51":1,"52":1,"53":1,"54":1,"55":1,"56":1,"57":1,"58":1,"59":1,"60":1,"61":1,"62":0,"63":0,"64":0,"65":0,"66":0,"67":1,"68":1,"69":1,"70":1,"71":1,"72":1,"73":1,"74":1,"75":1,"76":1,"77":1},"branchMap":{"0":{"type":"branch","line":16,"loc":{"start":{"line":16,"column":2},"end":{"line":18,"column":3}},"locations":[{"start":{"line":16,"column":2},"end":{"line":18,"column":3}}]},"1":{"type":"branch","line":20,"loc":{"start":{"line":20,"column":10},"end":{"line":32,"column":3}},"locations":[{"start":{"line":20,"column":10},"end":{"line":32,"column":3}}]},"2":{"type":"branch","line":34,"loc":{"start":{"line":34,"column":10},"end":{"line":36,"column":3}},"locations":[{"start":{"line":34,"column":10},"end":{"line":36,"column":3}}]},"3":{"type":"branch","line":38,"loc":{"start":{"line":38,"column":10},"end":{"line":40,"column":3}},"locations":[{"start":{"line":38,"column":10},"end":{"line":40,"column":3}}]},"4":{"type":"branch","line":42,"loc":{"start":{"line":42,"column":10},"end":{"line":47,"column":3}},"locations":[{"start":{"line":42,"column":10},"end":{"line":47,"column":3}}]},"5":{"type":"branch","line":44,"loc":{"start":{"line":44,"column":17},"end":{"line":46,"column":5}},"locations":[{"start":{"line":44,"column":17},"end":{"line":46,"column":5}}]},"6":{"type":"branch","line":49,"loc":{"start":{"line":49,"column":9},"end":{"line":60,"column":3}},"locations":[{"start":{"line":49,"column":9},"end":{"line":60,"column":3}}]},"7":{"type":"branch","line":57,"loc":{"start":{"line":57,"column":22},"end":{"line":59,"column":5}},"locations":[{"start":{"line":57,"column":22},"end":{"line":59,"column":5}}]},"8":{"type":"branch","line":69,"loc":{"start":{"line":69,"column":9},"end":{"line":71,"column":3}},"locations":[{"start":{"line":69,"column":9},"end":{"line":71,"column":3}}]},"9":{"type":"branch","line":73,"loc":{"start":{"line":73,"column":9},"end":{"line":75,"column":3}},"locations":[{"start":{"line":73,"column":9},"end":{"line":75,"column":3}}]}},"b":{"0":[1],"1":[1],"2":[1],"3":[1],"4":[1],"5":[0],"6":[1],"7":[1],"8":[1],"9":[1]},"fnMap":{"0":{"name":"SetupServer","decl":{"start":{"line":16,"column":2},"end":{"line":18,"column":3}},"loc":{"start":{"line":16,"column":2},"end":{"line":18,"column":3}},"line":16},"1":{"name":"setupExpress","decl":{"start":{"line":20,"column":10},"end":{"line":32,"column":3}},"loc":{"start":{"line":20,"column":10},"end":{"line":32,"column":3}},"line":20},"2":{"name":"setupControllers","decl":{"start":{"line":34,"column":10},"end":{"line":36,"column":3}},"loc":{"start":{"line":34,"column":10},"end":{"line":36,"column":3}},"line":34},"3":{"name":"setupErrorHandlers","decl":{"start":{"line":38,"column":10},"end":{"line":40,"column":3}},"loc":{"start":{"line":38,"column":10},"end":{"line":40,"column":3}},"line":38},"4":{"name":"setupDatabase","decl":{"start":{"line":42,"column":10},"end":{"line":47,"column":3}},"loc":{"start":{"line":42,"column":10},"end":{"line":47,"column":3}},"line":42},"5":{"name":"init","decl":{"start":{"line":49,"column":9},"end":{"line":60,"column":3}},"loc":{"start":{"line":49,"column":9},"end":{"line":60,"column":3}},"line":49},"6":{"name":"start","decl":{"start":{"line":62,"column":9},"end":{"line":67,"column":3}},"loc":{"start":{"line":62,"column":9},"end":{"line":67,"column":3}},"line":62},"7":{"name":"close","decl":{"start":{"line":69,"column":9},"end":{"line":71,"column":3}},"loc":{"start":{"line":69,"column":9},"end":{"line":71,"column":3}},"line":69},"8":{"name":"getApp","decl":{"start":{"line":73,"column":9},"end":{"line":75,"column":3}},"loc":{"start":{"line":73,"column":9},"end":{"line":75,"column":3}},"line":73}},"f":{"0":1,"1":1,"2":1,"3":1,"4":1,"5":1,"6":0,"7":1,"8":1}}
,"C:\\Users\\hlvieira\\Desktop\\Henrique\\JS\\Node\\Node-URL-Shortener\\src\\controllers\\shortener.controller.ts": {"path":"C:\\Users\\hlvieira\\Desktop\\Henrique\\JS\\Node\\Node-URL-Shortener\\src\\controllers\\shortener.controller.ts","all":false,"statementMap":{"0":{"start":{"line":1,"column":0},"end":{"line":1,"column":58}},"1":{"start":{"line":2,"column":0},"end":{"line":2,"column":48}},"2":{"start":{"line":3,"column":0},"end":{"line":3,"column":30}},"3":{"start":{"line":4,"column":0},"end":{"line":4,"column":0}},"4":{"start":{"line":5,"column":0},"end":{"line":5,"column":31}},"5":{"start":{"line":6,"column":0},"end":{"line":6,"column":70}},"6":{"start":{"line":7,"column":0},"end":{"line":7,"column":43}},"7":{"start":{"line":8,"column":0},"end":{"line":8,"column":60}},"8":{"start":{"line":9,"column":0},"end":{"line":9,"column":38}},"9":{"start":{"line":10,"column":0},"end":{"line":10,"column":30}},"10":{"start":{"line":11,"column":0},"end":{"line":11,"column":0}},"11":{"start":{"line":12,"column":0},"end":{"line":12,"column":35}},"12":{"start":{"line":13,"column":0},"end":{"line":13,"column":35}},"13":{"start":{"line":14,"column":0},"end":{"line":14,"column":15}},"14":{"start":{"line":15,"column":0},"end":{"line":15,"column":1}},"15":{"start":{"line":16,"column":0},"end":{"line":16,"column":0}},"16":{"start":{"line":17,"column":0},"end":{"line":17,"column":50}},"17":{"start":{"line":18,"column":0},"end":{"line":18,"column":7}},"18":{"start":{"line":19,"column":0},"end":{"line":19,"column":39}},"19":{"start":{"line":20,"column":0},"end":{"line":20,"column":70}},"20":{"start":{"line":21,"column":0},"end":{"line":21,"column":5}},"21":{"start":{"line":22,"column":0},"end":{"line":22,"column":39}},"22":{"start":{"line":23,"column":0},"end":{"line":23,"column":51}},"23":{"start":{"line":24,"column":0},"end":{"line":24,"column":66}},"24":{"start":{"line":25,"column":0},"end":{"line":25,"column":0}},"25":{"start":{"line":26,"column":0},"end":{"line":26,"column":39}},"26":{"start":{"line":27,"column":0},"end":{"line":27,"column":49}},"27":{"start":{"line":28,"column":0},"end":{"line":28,"column":0}},"28":{"start":{"line":29,"column":0},"end":{"line":29,"column":24}},"29":{"start":{"line":30,"column":0},"end":{"line":30,"column":19}},"30":{"start":{"line":31,"column":0},"end":{"line":31,"column":53}},"31":{"start":{"line":32,"column":0},"end":{"line":32,"column":68}},"32":{"start":{"line":33,"column":0},"end":{"line":33,"column":3}},"33":{"start":{"line":34,"column":0},"end":{"line":34,"column":1}},"34":{"start":{"line":35,"column":0},"end":{"line":35,"column":0}},"35":{"start":{"line":36,"column":0},"end":{"line":36,"column":34}},"36":{"start":{"line":37,"column":0},"end":{"line":37,"column":72}},"37":{"start":{"line":38,"column":0},"end":{"line":38,"column":9}},"38":{"start":{"line":39,"column":0},"end":{"line":39,"column":38}},"39":{"start":{"line":40,"column":0},"end":{"line":40,"column":36}},"40":{"start":{"line":41,"column":0},"end":{"line":41,"column":0}},"41":{"start":{"line":42,"column":0},"end":{"line":42,"column":38}},"42":{"start":{"line":43,"column":0},"end":{"line":43,"column":40}},"43":{"start":{"line":44,"column":0},"end":{"line":44,"column":69}},"44":{"start":{"line":45,"column":0},"end":{"line":45,"column":7}},"45":{"start":{"line":46,"column":0},"end":{"line":46,"column":0}},"46":{"start":{"line":47,"column":0},"end":{"line":47,"column":42}},"47":{"start":{"line":48,"column":0},"end":{"line":48,"column":46}},"48":{"start":{"line":49,"column":0},"end":{"line":49,"column":77}},"49":{"start":{"line":50,"column":0},"end":{"line":50,"column":0}},"50":{"start":{"line":51,"column":0},"end":{"line":51,"column":24}},"51":{"start":{"line":52,"column":0},"end":{"line":52,"column":30}},"52":{"start":{"line":53,"column":0},"end":{"line":53,"column":0}},"53":{"start":{"line":54,"column":0},"end":{"line":54,"column":62}},"54":{"start":{"line":55,"column":0},"end":{"line":55,"column":36}},"55":{"start":{"line":56,"column":0},"end":{"line":56,"column":92}},"56":{"start":{"line":57,"column":0},"end":{"line":57,"column":14}},"57":{"start":{"line":58,"column":0},"end":{"line":58,"column":64}},"58":{"start":{"line":59,"column":0},"end":{"line":59,"column":27}},"59":{"start":{"line":60,"column":0},"end":{"line":60,"column":7}},"60":{"start":{"line":61,"column":0},"end":{"line":61,"column":0}},"61":{"start":{"line":62,"column":0},"end":{"line":62,"column":50}},"62":{"start":{"line":63,"column":0},"end":{"line":63,"column":35}},"63":{"start":{"line":64,"column":0},"end":{"line":64,"column":34}},"64":{"start":{"line":65,"column":0},"end":{"line":65,"column":25}},"65":{"start":{"line":66,"column":0},"end":{"line":66,"column":8}},"66":{"start":{"line":67,"column":0},"end":{"line":67,"column":0}},"67":{"start":{"line":68,"column":0},"end":{"line":68,"column":28}},"68":{"start":{"line":69,"column":0},"end":{"line":69,"column":24}},"69":{"start":{"line":70,"column":0},"end":{"line":70,"column":48}},"70":{"start":{"line":71,"column":0},"end":{"line":71,"column":48}},"71":{"start":{"line":72,"column":0},"end":{"line":72,"column":7}},"72":{"start":{"line":73,"column":0},"end":{"line":73,"column":0}},"73":{"start":{"line":74,"column":0},"end":{"line":74,"column":33}},"74":{"start":{"line":75,"column":0},"end":{"line":75,"column":44}},"75":{"start":{"line":76,"column":0},"end":{"line":76,"column":0}},"76":{"start":{"line":77,"column":0},"end":{"line":77,"column":59}},"77":{"start":{"line":78,"column":0},"end":{"line":78,"column":30}},"78":{"start":{"line":79,"column":0},"end":{"line":79,"column":25}},"79":{"start":{"line":80,"column":0},"end":{"line":80,"column":35}},"80":{"start":{"line":81,"column":0},"end":{"line":81,"column":8}},"81":{"start":{"line":82,"column":0},"end":{"line":82,"column":0}},"82":{"start":{"line":83,"column":0},"end":{"line":83,"column":96}},"83":{"start":{"line":84,"column":0},"end":{"line":84,"column":21}},"84":{"start":{"line":85,"column":0},"end":{"line":85,"column":18}},"85":{"start":{"line":86,"column":0},"end":{"line":86,"column":5}},"86":{"start":{"line":87,"column":0},"end":{"line":87,"column":3}},"87":{"start":{"line":88,"column":0},"end":{"line":88,"column":0}},"88":{"start":{"line":89,"column":0},"end":{"line":89,"column":24}},"89":{"start":{"line":90,"column":0},"end":{"line":90,"column":39}},"90":{"start":{"line":91,"column":0},"end":{"line":91,"column":18}},"91":{"start":{"line":92,"column":0},"end":{"line":92,"column":22}},"92":{"start":{"line":93,"column":0},"end":{"line":93,"column":5}},"93":{"start":{"line":94,"column":0},"end":{"line":94,"column":9}},"94":{"start":{"line":95,"column":0},"end":{"line":95,"column":43}},"95":{"start":{"line":96,"column":0},"end":{"line":96,"column":0}},"96":{"start":{"line":97,"column":0},"end":{"line":97,"column":47}},"97":{"start":{"line":98,"column":0},"end":{"line":98,"column":75}},"98":{"start":{"line":99,"column":0},"end":{"line":99,"column":7}},"99":{"start":{"line":100,"column":0},"end":{"line":100,"column":0}},"100":{"start":{"line":101,"column":0},"end":{"line":101,"column":46}},"101":{"start":{"line":102,"column":0},"end":{"line":102,"column":46}},"102":{"start":{"line":103,"column":0},"end":{"line":103,"column":78}},"103":{"start":{"line":104,"column":0},"end":{"line":104,"column":0}},"104":{"start":{"line":105,"column":0},"end":{"line":105,"column":55}},"105":{"start":{"line":106,"column":0},"end":{"line":106,"column":95}},"106":{"start":{"line":107,"column":0},"end":{"line":107,"column":7}},"107":{"start":{"line":108,"column":0},"end":{"line":108,"column":0}},"108":{"start":{"line":109,"column":0},"end":{"line":109,"column":59}},"109":{"start":{"line":110,"column":0},"end":{"line":110,"column":30}},"110":{"start":{"line":111,"column":0},"end":{"line":111,"column":41}},"111":{"start":{"line":112,"column":0},"end":{"line":112,"column":28}},"112":{"start":{"line":113,"column":0},"end":{"line":113,"column":8}},"113":{"start":{"line":114,"column":0},"end":{"line":114,"column":0}},"114":{"start":{"line":115,"column":0},"end":{"line":115,"column":20}},"115":{"start":{"line":116,"column":0},"end":{"line":116,"column":80}},"116":{"start":{"line":117,"column":0},"end":{"line":117,"column":82}},"117":{"start":{"line":118,"column":0},"end":{"line":118,"column":21}},"118":{"start":{"line":119,"column":0},"end":{"line":119,"column":18}},"119":{"start":{"line":120,"column":0},"end":{"line":120,"column":5}},"120":{"start":{"line":121,"column":0},"end":{"line":121,"column":3}},"121":{"start":{"line":122,"column":0},"end":{"line":122,"column":1}}},"s":{"0":1,"1":1,"2":1,"3":1,"4":1,"5":1,"6":1,"7":1,"8":1,"9":1,"10":1,"11":3,"12":3,"13":3,"14":3,"15":1,"16":4,"17":4,"18":4,"19":1,"20":1,"21":4,"22":4,"23":4,"24":4,"25":4,"26":4,"27":4,"28":4,"29":4,"30":1,"31":1,"32":1,"33":4,"34":1,"35":1,"36":1,"37":4,"38":4,"39":4,"40":4,"41":4,"42":4,"43":1,"44":1,"45":3,"46":3,"47":3,"48":3,"49":3,"50":3,"51":3,"52":3,"53":3,"54":3,"55":1,"56":3,"57":2,"58":2,"59":2,"60":3,"61":3,"62":3,"63":3,"64":3,"65":3,"66":3,"67":3,"68":3,"69":2,"70":2,"71":2,"72":3,"73":3,"74":3,"75":3,"76":3,"77":3,"78":3,"79":3,"80":3,"81":3,"82":3,"83":3,"84":1,"85":1,"86":4,"87":1,"88":1,"89":3,"90":3,"91":3,"92":3,"93":3,"94":3,"95":3,"96":3,"97":1,"98":1,"99":2,"100":2,"101":2,"102":2,"103":2,"104":3,"105":1,"106":1,"107":1,"108":1,"109":1,"110":1,"111":1,"112":1,"113":1,"114":1,"115":1,"116":1,"117":3,"118":2,"119":2,"120":3,"121":1},"branchMap":{"0":{"type":"branch","line":12,"loc":{"start":{"line":12,"column":0},"end":{"line":15,"column":1}},"locations":[{"start":{"line":12,"column":0},"end":{"line":15,"column":1}}]},"1":{"type":"branch","line":17,"loc":{"start":{"line":17,"column":0},"end":{"line":34,"column":1}},"locations":[{"start":{"line":17,"column":0},"end":{"line":34,"column":1}}]},"2":{"type":"branch","line":19,"loc":{"start":{"line":19,"column":14},"end":{"line":19,"column":36}},"locations":[{"start":{"line":19,"column":14},"end":{"line":19,"column":36}}]},"3":{"type":"branch","line":19,"loc":{"start":{"line":19,"column":38},"end":{"line":21,"column":5}},"locations":[{"start":{"line":19,"column":38},"end":{"line":21,"column":5}}]},"4":{"type":"branch","line":30,"loc":{"start":{"line":30,"column":4},"end":{"line":33,"column":3}},"locations":[{"start":{"line":30,"column":4},"end":{"line":33,"column":3}}]},"5":{"type":"branch","line":37,"loc":{"start":{"line":37,"column":9},"end":{"line":87,"column":3}},"locations":[{"start":{"line":37,"column":9},"end":{"line":87,"column":3}}]},"6":{"type":"branch","line":43,"loc":{"start":{"line":43,"column":39},"end":{"line":86,"column":5}},"locations":[{"start":{"line":43,"column":39},"end":{"line":86,"column":5}}]},"7":{"type":"branch","line":43,"loc":{"start":{"line":43,"column":39},"end":{"line":45,"column":7}},"locations":[{"start":{"line":43,"column":39},"end":{"line":45,"column":7}}]},"8":{"type":"branch","line":55,"loc":{"start":{"line":55,"column":35},"end":{"line":57,"column":13}},"locations":[{"start":{"line":55,"column":35},"end":{"line":57,"column":13}}]},"9":{"type":"branch","line":57,"loc":{"start":{"line":57,"column":7},"end":{"line":60,"column":7}},"locations":[{"start":{"line":57,"column":7},"end":{"line":60,"column":7}}]},"10":{"type":"branch","line":69,"loc":{"start":{"line":69,"column":23},"end":{"line":72,"column":7}},"locations":[{"start":{"line":69,"column":23},"end":{"line":72,"column":7}}]},"11":{"type":"branch","line":84,"loc":{"start":{"line":84,"column":6},"end":{"line":86,"column":5}},"locations":[{"start":{"line":84,"column":6},"end":{"line":86,"column":5}}]},"12":{"type":"branch","line":89,"loc":{"start":{"line":89,"column":9},"end":{"line":121,"column":3}},"locations":[{"start":{"line":89,"column":9},"end":{"line":121,"column":3}}]},"13":{"type":"branch","line":97,"loc":{"start":{"line":97,"column":19},"end":{"line":97,"column":44}},"locations":[{"start":{"line":97,"column":19},"end":{"line":97,"column":44}}]},"14":{"type":"branch","line":97,"loc":{"start":{"line":97,"column":46},"end":{"line":105,"column":52}},"locations":[{"start":{"line":97,"column":46},"end":{"line":105,"column":52}}]},"15":{"type":"branch","line":97,"loc":{"start":{"line":97,"column":46},"end":{"line":99,"column":7}},"locations":[{"start":{"line":97,"column":46},"end":{"line":99,"column":7}}]},"16":{"type":"branch","line":105,"loc":{"start":{"line":105,"column":54},"end":{"line":118,"column":13}},"locations":[{"start":{"line":105,"column":54},"end":{"line":118,"column":13}}]},"17":{"type":"branch","line":118,"loc":{"start":{"line":118,"column":6},"end":{"line":120,"column":5}},"locations":[{"start":{"line":118,"column":6},"end":{"line":120,"column":5}}]}},"b":{"0":[3],"1":[4],"2":[3],"3":[1],"4":[1],"5":[4],"6":[3],"7":[1],"8":[1],"9":[2],"10":[2],"11":[1],"12":[3],"13":[2],"14":[2],"15":[1],"16":[1],"17":[2]},"fnMap":{"0":{"name":"generateShortid","decl":{"start":{"line":12,"column":0},"end":{"line":15,"column":1}},"loc":{"start":{"line":12,"column":0},"end":{"line":15,"column":1}},"line":12},"1":{"name":"formatURL","decl":{"start":{"line":17,"column":0},"end":{"line":34,"column":1}},"loc":{"start":{"line":17,"column":0},"end":{"line":34,"column":1}},"line":17},"2":{"name":"create","decl":{"start":{"line":37,"column":9},"end":{"line":87,"column":3}},"loc":{"start":{"line":37,"column":9},"end":{"line":87,"column":3}},"line":37},"3":{"name":"redirect","decl":{"start":{"line":89,"column":9},"end":{"line":121,"column":3}},"loc":{"start":{"line":89,"column":9},"end":{"line":121,"column":3}},"line":89}},"f":{"0":3,"1":4,"2":4,"3":3}}
,"C:\\Users\\hlvieira\\Desktop\\Henrique\\JS\\Node\\Node-URL-Shortener\\src\\database\\MongoConnection.ts": {"path":"C:\\Users\\hlvieira\\Desktop\\Henrique\\JS\\Node\\Node-URL-Shortener\\src\\database\\MongoConnection.ts","all":false,"statementMap":{"0":{"start":{"line":1,"column":0},"end":{"line":1,"column":66}},"1":{"start":{"line":2,"column":0},"end":{"line":2,"column":0}},"2":{"start":{"line":3,"column":0},"end":{"line":3,"column":31}},"3":{"start":{"line":4,"column":0},"end":{"line":4,"column":66}},"4":{"start":{"line":5,"column":0},"end":{"line":5,"column":38}},"5":{"start":{"line":6,"column":0},"end":{"line":6,"column":30}},"6":{"start":{"line":7,"column":0},"end":{"line":7,"column":0}},"7":{"start":{"line":8,"column":0},"end":{"line":8,"column":23}},"8":{"start":{"line":9,"column":0},"end":{"line":9,"column":41}},"9":{"start":{"line":10,"column":0},"end":{"line":10,"column":52}},"10":{"start":{"line":11,"column":0},"end":{"line":11,"column":0}},"11":{"start":{"line":12,"column":0},"end":{"line":12,"column":80}},"12":{"start":{"line":13,"column":0},"end":{"line":13,"column":28}},"13":{"start":{"line":14,"column":0},"end":{"line":14,"column":3}},"14":{"start":{"line":15,"column":0},"end":{"line":15,"column":0}},"15":{"start":{"line":16,"column":0},"end":{"line":16,"column":44}},"16":{"start":{"line":17,"column":0},"end":{"line":17,"column":9}},"17":{"start":{"line":18,"column":0},"end":{"line":18,"column":58}},"18":{"start":{"line":19,"column":0},"end":{"line":19,"column":0}},"19":{"start":{"line":20,"column":0},"end":{"line":20,"column":96}},"20":{"start":{"line":21,"column":0},"end":{"line":21,"column":0}},"21":{"start":{"line":22,"column":0},"end":{"line":22,"column":11}},"22":{"start":{"line":23,"column":0},"end":{"line":23,"column":48}},"23":{"start":{"line":24,"column":0},"end":{"line":24,"column":23}},"24":{"start":{"line":25,"column":0},"end":{"line":25,"column":65}},"25":{"start":{"line":26,"column":0},"end":{"line":26,"column":7}},"26":{"start":{"line":27,"column":0},"end":{"line":27,"column":0}},"27":{"start":{"line":28,"column":0},"end":{"line":28,"column":40}},"28":{"start":{"line":29,"column":0},"end":{"line":29,"column":18}},"29":{"start":{"line":30,"column":0},"end":{"line":30,"column":21}},"30":{"start":{"line":31,"column":0},"end":{"line":31,"column":52}},"31":{"start":{"line":32,"column":0},"end":{"line":32,"column":19}},"32":{"start":{"line":33,"column":0},"end":{"line":33,"column":5}},"33":{"start":{"line":34,"column":0},"end":{"line":34,"column":3}},"34":{"start":{"line":35,"column":0},"end":{"line":35,"column":0}},"35":{"start":{"line":36,"column":0},"end":{"line":36,"column":39}},"36":{"start":{"line":37,"column":0},"end":{"line":37,"column":29}},"37":{"start":{"line":38,"column":0},"end":{"line":38,"column":3}},"38":{"start":{"line":39,"column":0},"end":{"line":39,"column":1}},"39":{"start":{"line":40,"column":0},"end":{"line":40,"column":0}},"40":{"start":{"line":41,"column":0},"end":{"line":41,"column":31}}},"s":{"0":1,"1":1,"2":1,"3":1,"4":1,"5":1,"6":1,"7":1,"8":1,"9":0,"10":0,"11":0,"12":0,"13":0,"14":1,"15":1,"16":0,"17":0,"18":0,"19":0,"20":0,"21":0,"22":0,"23":0,"24":0,"25":0,"26":0,"27":0,"28":0,"29":0,"30":0,"31":0,"32":0,"33":0,"34":1,"35":1,"36":1,"37":0,"38":1,"39":1,"40":1},"branchMap":{"0":{"type":"branch","line":36,"loc":{"start":{"line":36,"column":9},"end":{"line":38,"column":3}},"locations":[{"start":{"line":36,"column":9},"end":{"line":38,"column":3}}]},"1":{"type":"branch","line":38,"loc":{"start":{"line":38,"column":-1},"end":{"line":38,"column":3}},"locations":[{"start":{"line":38,"column":-1},"end":{"line":38,"column":3}}]}},"b":{"0":[1],"1":[0]},"fnMap":{"0":{"name":"getStringConnection","decl":{"start":{"line":9,"column":10},"end":{"line":14,"column":3}},"loc":{"start":{"line":9,"column":10},"end":{"line":14,"column":3}},"line":9},"1":{"name":"connect","decl":{"start":{"line":16,"column":9},"end":{"line":34,"column":3}},"loc":{"start":{"line":16,"column":9},"end":{"line":34,"column":3}},"line":16},"2":{"name":"close","decl":{"start":{"line":36,"column":9},"end":{"line":38,"column":3}},"loc":{"start":{"line":36,"column":9},"end":{"line":38,"column":3}},"line":36}},"f":{"0":0,"1":0,"2":1}}
,"C:\\Users\\hlvieira\\Desktop\\Henrique\\JS\\Node\\Node-URL-Shortener\\src\\middlewares\\error-handler.middleware.ts": {"path":"C:\\Users\\hlvieira\\Desktop\\Henrique\\JS\\Node\\Node-URL-Shortener\\src\\middlewares\\error-handler.middleware.ts","all":false,"statementMap":{"0":{"start":{"line":1,"column":0},"end":{"line":1,"column":58}},"1":{"start":{"line":2,"column":0},"end":{"line":2,"column":48}},"2":{"start":{"line":3,"column":0},"end":{"line":3,"column":0}},"3":{"start":{"line":4,"column":0},"end":{"line":4,"column":31}},"4":{"start":{"line":5,"column":0},"end":{"line":5,"column":70}},"5":{"start":{"line":6,"column":0},"end":{"line":6,"column":66}},"6":{"start":{"line":7,"column":0},"end":{"line":7,"column":68}},"7":{"start":{"line":8,"column":0},"end":{"line":8,"column":0}},"8":{"start":{"line":9,"column":0},"end":{"line":9,"column":32}},"9":{"start":{"line":10,"column":0},"end":{"line":10,"column":64}},"10":{"start":{"line":11,"column":0},"end":{"line":11,"column":66}},"11":{"start":{"line":12,"column":0},"end":{"line":12,"column":16}},"12":{"start":{"line":13,"column":0},"end":{"line":13,"column":16}},"13":{"start":{"line":14,"column":0},"end":{"line":14,"column":21}},"14":{"start":{"line":15,"column":0},"end":{"line":15,"column":3}},"15":{"start":{"line":16,"column":0},"end":{"line":16,"column":67}},"16":{"start":{"line":17,"column":0},"end":{"line":17,"column":52}},"17":{"start":{"line":18,"column":0},"end":{"line":18,"column":0}},"18":{"start":{"line":19,"column":0},"end":{"line":19,"column":39}},"19":{"start":{"line":20,"column":0},"end":{"line":20,"column":40}},"20":{"start":{"line":21,"column":0},"end":{"line":21,"column":47}},"21":{"start":{"line":22,"column":0},"end":{"line":22,"column":38}},"22":{"start":{"line":23,"column":0},"end":{"line":23,"column":48}},"23":{"start":{"line":24,"column":0},"end":{"line":24,"column":40}},"24":{"start":{"line":25,"column":0},"end":{"line":25,"column":10}},"25":{"start":{"line":26,"column":0},"end":{"line":26,"column":24}},"26":{"start":{"line":27,"column":0},"end":{"line":27,"column":3}},"27":{"start":{"line":28,"column":0},"end":{"line":28,"column":0}},"28":{"start":{"line":29,"column":0},"end":{"line":29,"column":47}},"29":{"start":{"line":30,"column":0},"end":{"line":30,"column":1}},"30":{"start":{"line":31,"column":0},"end":{"line":31,"column":0}},"31":{"start":{"line":32,"column":0},"end":{"line":32,"column":38}}},"s":{"0":1,"1":1,"2":1,"3":1,"4":1,"5":1,"6":1,"7":1,"8":5,"9":5,"10":5,"11":5,"12":5,"13":5,"14":5,"15":5,"16":5,"17":5,"18":5,"19":1,"20":5,"21":1,"22":4,"23":2,"24":2,"25":1,"26":1,"27":5,"28":5,"29":5,"30":1,"31":1},"branchMap":{"0":{"type":"branch","line":9,"loc":{"start":{"line":9,"column":0},"end":{"line":30,"column":1}},"locations":[{"start":{"line":9,"column":0},"end":{"line":30,"column":1}}]},"1":{"type":"branch","line":16,"loc":{"start":{"line":16,"column":44},"end":{"line":16,"column":66}},"locations":[{"start":{"line":16,"column":44},"end":{"line":16,"column":66}}]},"2":{"type":"branch","line":19,"loc":{"start":{"line":19,"column":38},"end":{"line":21,"column":9}},"locations":[{"start":{"line":19,"column":38},"end":{"line":21,"column":9}}]},"3":{"type":"branch","line":21,"loc":{"start":{"line":21,"column":3},"end":{"line":27,"column":3}},"locations":[{"start":{"line":21,"column":3},"end":{"line":27,"column":3}}]},"4":{"type":"branch","line":21,"loc":{"start":{"line":21,"column":46},"end":{"line":23,"column":9}},"locations":[{"start":{"line":21,"column":46},"end":{"line":23,"column":9}}]},"5":{"type":"branch","line":23,"loc":{"start":{"line":23,"column":3},"end":{"line":27,"column":3}},"locations":[{"start":{"line":23,"column":3},"end":{"line":27,"column":3}}]},"6":{"type":"branch","line":23,"loc":{"start":{"line":23,"column":47},"end":{"line":27,"column":3}},"locations":[{"start":{"line":23,"column":47},"end":{"line":27,"column":3}}]},"7":{"type":"branch","line":25,"loc":{"start":{"line":25,"column":3},"end":{"line":27,"column":3}},"locations":[{"start":{"line":25,"column":3},"end":{"line":27,"column":3}}]}},"b":{"0":[5],"1":[1],"2":[1],"3":[4],"4":[1],"5":[3],"6":[2],"7":[1]},"fnMap":{"0":{"name":"errorHandlerMiddleware","decl":{"start":{"line":9,"column":0},"end":{"line":30,"column":1}},"loc":{"start":{"line":9,"column":0},"end":{"line":30,"column":1}},"line":9}},"f":{"0":5}}
,"C:\\Users\\hlvieira\\Desktop\\Henrique\\JS\\Node\\Node-URL-Shortener\\src\\models\\errors\\badRequest.error.model.ts": {"path":"C:\\Users\\hlvieira\\Desktop\\Henrique\\JS\\Node\\Node-URL-Shortener\\src\\models\\errors\\badRequest.error.model.ts","all":false,"statementMap":{"0":{"start":{"line":1,"column":0},"end":{"line":1,"column":37}},"1":{"start":{"line":2,"column":0},"end":{"line":2,"column":14}},"2":{"start":{"line":3,"column":0},"end":{"line":3,"column":27}},"3":{"start":{"line":4,"column":0},"end":{"line":4,"column":66}},"4":{"start":{"line":5,"column":0},"end":{"line":5,"column":22}},"5":{"start":{"line":6,"column":0},"end":{"line":6,"column":5}},"6":{"start":{"line":7,"column":0},"end":{"line":7,"column":19}},"7":{"start":{"line":8,"column":0},"end":{"line":8,"column":3}},"8":{"start":{"line":9,"column":0},"end":{"line":9,"column":1}},"9":{"start":{"line":10,"column":0},"end":{"line":10,"column":0}},"10":{"start":{"line":11,"column":0},"end":{"line":11,"column":31}}},"s":{"0":4,"1":4,"2":4,"3":4,"4":7,"5":7,"6":7,"7":7,"8":7,"9":7,"10":7},"branchMap":{"0":{"type":"branch","line":1,"loc":{"start":{"line":1,"column":0},"end":{"line":11,"column":31}},"locations":[{"start":{"line":1,"column":0},"end":{"line":11,"column":31}}]},"1":{"type":"branch","line":1,"loc":{"start":{"line":1,"column":0},"end":{"line":11,"column":31}},"locations":[{"start":{"line":1,"column":0},"end":{"line":11,"column":31}}]},"2":{"type":"branch","line":4,"loc":{"start":{"line":4,"column":38},"end":{"line":11,"column":31}},"locations":[{"start":{"line":4,"column":38},"end":{"line":11,"column":31}}]}},"b":{"0":[4],"1":[4],"2":[7]},"fnMap":{"0":{"name":"Object.<anonymous>","decl":{"start":{"line":1,"column":0},"end":{"line":11,"column":31}},"loc":{"start":{"line":1,"column":0},"end":{"line":11,"column":31}},"line":1},"1":{"name":"BadRequestError","decl":{"start":{"line":4,"column":38},"end":{"line":11,"column":31}},"loc":{"start":{"line":4,"column":38},"end":{"line":11,"column":31}},"line":4}},"f":{"0":4,"1":7}}
,"C:\\Users\\hlvieira\\Desktop\\Henrique\\JS\\Node\\Node-URL-Shortener\\src\\models\\errors\\database.error.model.ts": {"path":"C:\\Users\\hlvieira\\Desktop\\Henrique\\JS\\Node\\Node-URL-Shortener\\src\\models\\errors\\database.error.model.ts","all":false,"statementMap":{"0":{"start":{"line":1,"column":0},"end":{"line":1,"column":35}},"1":{"start":{"line":2,"column":0},"end":{"line":2,"column":14}},"2":{"start":{"line":3,"column":0},"end":{"line":3,"column":27}},"3":{"start":{"line":4,"column":0},"end":{"line":4,"column":66}},"4":{"start":{"line":5,"column":0},"end":{"line":5,"column":22}},"5":{"start":{"line":6,"column":0},"end":{"line":6,"column":5}},"6":{"start":{"line":7,"column":0},"end":{"line":7,"column":19}},"7":{"start":{"line":8,"column":0},"end":{"line":8,"column":3}},"8":{"start":{"line":9,"column":0},"end":{"line":9,"column":1}},"9":{"start":{"line":10,"column":0},"end":{"line":10,"column":0}},"10":{"start":{"line":11,"column":0},"end":{"line":11,"column":29}}},"s":{"0":4,"1":4,"2":4,"3":4,"4":2,"5":2,"6":2,"7":2,"8":2,"9":2,"10":2},"branchMap":{"0":{"type":"branch","line":1,"loc":{"start":{"line":1,"column":0},"end":{"line":11,"column":29}},"locations":[{"start":{"line":1,"column":0},"end":{"line":11,"column":29}}]},"1":{"type":"branch","line":1,"loc":{"start":{"line":1,"column":0},"end":{"line":11,"column":29}},"locations":[{"start":{"line":1,"column":0},"end":{"line":11,"column":29}}]},"2":{"type":"branch","line":4,"loc":{"start":{"line":4,"column":38},"end":{"line":11,"column":29}},"locations":[{"start":{"line":4,"column":38},"end":{"line":11,"column":29}}]}},"b":{"0":[4],"1":[4],"2":[2]},"fnMap":{"0":{"name":"Object.<anonymous>","decl":{"start":{"line":1,"column":0},"end":{"line":11,"column":29}},"loc":{"start":{"line":1,"column":0},"end":{"line":11,"column":29}},"line":1},"1":{"name":"DatabaseError","decl":{"start":{"line":4,"column":38},"end":{"line":11,"column":29}},"loc":{"start":{"line":4,"column":38},"end":{"line":11,"column":29}},"line":4}},"f":{"0":4,"1":2}}
,"C:\\Users\\hlvieira\\Desktop\\Henrique\\JS\\Node\\Node-URL-Shortener\\src\\models\\errors\\forbidden.error.model.ts": {"path":"C:\\Users\\hlvieira\\Desktop\\Henrique\\JS\\Node\\Node-URL-Shortener\\src\\models\\errors\\forbidden.error.model.ts","all":false,"statementMap":{"0":{"start":{"line":1,"column":0},"end":{"line":1,"column":36}},"1":{"start":{"line":2,"column":0},"end":{"line":2,"column":14}},"2":{"start":{"line":3,"column":0},"end":{"line":3,"column":27}},"3":{"start":{"line":4,"column":0},"end":{"line":4,"column":66}},"4":{"start":{"line":5,"column":0},"end":{"line":5,"column":22}},"5":{"start":{"line":6,"column":0},"end":{"line":6,"column":5}},"6":{"start":{"line":7,"column":0},"end":{"line":7,"column":19}},"7":{"start":{"line":8,"column":0},"end":{"line":8,"column":3}},"8":{"start":{"line":9,"column":0},"end":{"line":9,"column":1}},"9":{"start":{"line":10,"column":0},"end":{"line":10,"column":0}},"10":{"start":{"line":11,"column":0},"end":{"line":11,"column":30}}},"s":{"0":3,"1":3,"2":3,"3":3,"4":2,"5":2,"6":2,"7":2,"8":2,"9":2,"10":2},"branchMap":{"0":{"type":"branch","line":1,"loc":{"start":{"line":1,"column":0},"end":{"line":11,"column":30}},"locations":[{"start":{"line":1,"column":0},"end":{"line":11,"column":30}}]},"1":{"type":"branch","line":1,"loc":{"start":{"line":1,"column":0},"end":{"line":11,"column":30}},"locations":[{"start":{"line":1,"column":0},"end":{"line":11,"column":30}}]},"2":{"type":"branch","line":4,"loc":{"start":{"line":4,"column":38},"end":{"line":11,"column":30}},"locations":[{"start":{"line":4,"column":38},"end":{"line":11,"column":30}}]}},"b":{"0":[3],"1":[3],"2":[2]},"fnMap":{"0":{"name":"Object.<anonymous>","decl":{"start":{"line":1,"column":0},"end":{"line":11,"column":30}},"loc":{"start":{"line":1,"column":0},"end":{"line":11,"column":30}},"line":1},"1":{"name":"ForbiddenError","decl":{"start":{"line":4,"column":38},"end":{"line":11,"column":30}},"loc":{"start":{"line":4,"column":38},"end":{"line":11,"column":30}},"line":4}},"f":{"0":3,"1":2}}
,"C:\\Users\\hlvieira\\Desktop\\Henrique\\JS\\Node\\Node-URL-Shortener\\src\\repositories\\url.repositorie.ts": {"path":"C:\\Users\\hlvieira\\Desktop\\Henrique\\JS\\Node\\Node-URL-Shortener\\src\\repositories\\url.repositorie.ts","all":false,"statementMap":{"0":{"start":{"line":1,"column":0},"end":{"line":1,"column":70}},"1":{"start":{"line":2,"column":0},"end":{"line":2,"column":66}},"2":{"start":{"line":3,"column":0},"end":{"line":3,"column":48}},"3":{"start":{"line":4,"column":0},"end":{"line":4,"column":0}},"4":{"start":{"line":5,"column":0},"end":{"line":5,"column":31}},"5":{"start":{"line":6,"column":0},"end":{"line":6,"column":16}},"6":{"start":{"line":7,"column":0},"end":{"line":7,"column":16}},"7":{"start":{"line":8,"column":0},"end":{"line":8,"column":1}},"8":{"start":{"line":9,"column":0},"end":{"line":9,"column":0}},"9":{"start":{"line":10,"column":0},"end":{"line":10,"column":40}},"10":{"start":{"line":11,"column":0},"end":{"line":11,"column":16}},"11":{"start":{"line":12,"column":0},"end":{"line":12,"column":3}},"12":{"start":{"line":13,"column":0},"end":{"line":13,"column":72}},"13":{"start":{"line":14,"column":0},"end":{"line":14,"column":24}},"14":{"start":{"line":15,"column":0},"end":{"line":15,"column":4}},"15":{"start":{"line":16,"column":0},"end":{"line":16,"column":58}},"16":{"start":{"line":17,"column":0},"end":{"line":17,"column":2}},"17":{"start":{"line":18,"column":0},"end":{"line":18,"column":0}},"18":{"start":{"line":19,"column":0},"end":{"line":19,"column":21}},"19":{"start":{"line":20,"column":0},"end":{"line":20,"column":71}},"20":{"start":{"line":21,"column":0},"end":{"line":21,"column":9}},"21":{"start":{"line":22,"column":0},"end":{"line":22,"column":94}},"22":{"start":{"line":23,"column":0},"end":{"line":23,"column":0}},"23":{"start":{"line":24,"column":0},"end":{"line":24,"column":18}},"24":{"start":{"line":25,"column":0},"end":{"line":25,"column":35}},"25":{"start":{"line":26,"column":0},"end":{"line":26,"column":62}},"26":{"start":{"line":27,"column":0},"end":{"line":27,"column":8}},"27":{"start":{"line":28,"column":0},"end":{"line":28,"column":0}},"28":{"start":{"line":29,"column":0},"end":{"line":29,"column":21}},"29":{"start":{"line":30,"column":0},"end":{"line":30,"column":0}},"30":{"start":{"line":31,"column":0},"end":{"line":31,"column":21}},"31":{"start":{"line":32,"column":0},"end":{"line":32,"column":16}},"32":{"start":{"line":33,"column":0},"end":{"line":33,"column":38}},"33":{"start":{"line":34,"column":0},"end":{"line":34,"column":39}},"34":{"start":{"line":35,"column":0},"end":{"line":35,"column":67}},"35":{"start":{"line":36,"column":0},"end":{"line":36,"column":14}},"36":{"start":{"line":37,"column":0},"end":{"line":37,"column":46}},"37":{"start":{"line":38,"column":0},"end":{"line":38,"column":7}},"38":{"start":{"line":39,"column":0},"end":{"line":39,"column":18}},"39":{"start":{"line":40,"column":0},"end":{"line":40,"column":0}},"40":{"start":{"line":41,"column":0},"end":{"line":41,"column":18}},"41":{"start":{"line":42,"column":0},"end":{"line":42,"column":21}},"42":{"start":{"line":43,"column":0},"end":{"line":43,"column":64}},"43":{"start":{"line":44,"column":0},"end":{"line":44,"column":5}},"44":{"start":{"line":45,"column":0},"end":{"line":45,"column":3}},"45":{"start":{"line":46,"column":0},"end":{"line":46,"column":0}},"46":{"start":{"line":47,"column":0},"end":{"line":47,"column":73}},"47":{"start":{"line":48,"column":0},"end":{"line":48,"column":9}},"48":{"start":{"line":49,"column":0},"end":{"line":49,"column":87}},"49":{"start":{"line":50,"column":0},"end":{"line":50,"column":0}},"50":{"start":{"line":51,"column":0},"end":{"line":51,"column":18}},"51":{"start":{"line":52,"column":0},"end":{"line":52,"column":35}},"52":{"start":{"line":53,"column":0},"end":{"line":53,"column":55}},"53":{"start":{"line":54,"column":0},"end":{"line":54,"column":8}},"54":{"start":{"line":55,"column":0},"end":{"line":55,"column":0}},"55":{"start":{"line":56,"column":0},"end":{"line":56,"column":21}},"56":{"start":{"line":57,"column":0},"end":{"line":57,"column":0}},"57":{"start":{"line":58,"column":0},"end":{"line":58,"column":21}},"58":{"start":{"line":59,"column":0},"end":{"line":59,"column":16}},"59":{"start":{"line":60,"column":0},"end":{"line":60,"column":38}},"60":{"start":{"line":61,"column":0},"end":{"line":61,"column":30}},"61":{"start":{"line":62,"column":0},"end":{"line":62,"column":67}},"62":{"start":{"line":63,"column":0},"end":{"line":63,"column":14}},"63":{"start":{"line":64,"column":0},"end":{"line":64,"column":32}},"64":{"start":{"line":65,"column":0},"end":{"line":65,"column":7}},"65":{"start":{"line":66,"column":0},"end":{"line":66,"column":18}},"66":{"start":{"line":67,"column":0},"end":{"line":67,"column":0}},"67":{"start":{"line":68,"column":0},"end":{"line":68,"column":18}},"68":{"start":{"line":69,"column":0},"end":{"line":69,"column":21}},"69":{"start":{"line":70,"column":0},"end":{"line":70,"column":64}},"70":{"start":{"line":71,"column":0},"end":{"line":71,"column":5}},"71":{"start":{"line":72,"column":0},"end":{"line":72,"column":3}},"72":{"start":{"line":73,"column":0},"end":{"line":73,"column":0}},"73":{"start":{"line":74,"column":0},"end":{"line":74,"column":53}},"74":{"start":{"line":75,"column":0},"end":{"line":75,"column":9}},"75":{"start":{"line":76,"column":0},"end":{"line":76,"column":43}},"76":{"start":{"line":77,"column":0},"end":{"line":77,"column":31}},"77":{"start":{"line":78,"column":0},"end":{"line":78,"column":0}},"78":{"start":{"line":79,"column":0},"end":{"line":79,"column":28}},"79":{"start":{"line":80,"column":0},"end":{"line":80,"column":19}},"80":{"start":{"line":81,"column":0},"end":{"line":81,"column":35}},"81":{"start":{"line":82,"column":0},"end":{"line":82,"column":43}},"82":{"start":{"line":83,"column":0},"end":{"line":83,"column":9}},"83":{"start":{"line":84,"column":0},"end":{"line":84,"column":21}},"84":{"start":{"line":85,"column":0},"end":{"line":85,"column":70}},"85":{"start":{"line":86,"column":0},"end":{"line":86,"column":5}},"86":{"start":{"line":87,"column":0},"end":{"line":87,"column":3}},"87":{"start":{"line":88,"column":0},"end":{"line":88,"column":1}},"88":{"start":{"line":89,"column":0},"end":{"line":89,"column":0}},"89":{"start":{"line":90,"column":0},"end":{"line":90,"column":29}}},"s":{"0":1,"1":1,"2":1,"3":1,"4":1,"5":1,"6":1,"7":1,"8":1,"9":1,"10":1,"11":1,"12":1,"13":1,"14":1,"15":1,"16":1,"17":1,"18":1,"19":1,"20":3,"21":3,"22":3,"23":3,"24":3,"25":3,"26":3,"27":3,"28":3,"29":3,"30":3,"31":1,"32":1,"33":1,"34":1,"35":2,"36":2,"37":2,"38":3,"39":3,"40":3,"41":3,"42":0,"43":0,"44":3,"45":1,"46":1,"47":2,"48":2,"49":2,"50":2,"51":2,"52":2,"53":2,"54":2,"55":2,"56":2,"57":2,"58":1,"59":1,"60":1,"61":1,"62":1,"63":1,"64":1,"65":2,"66":2,"67":2,"68":2,"69":0,"70":0,"71":2,"72":1,"73":1,"74":2,"75":2,"76":2,"77":2,"78":2,"79":2,"80":2,"81":2,"82":2,"83":2,"84":0,"85":0,"86":2,"87":1,"88":1,"89":1},"branchMap":{"0":{"type":"branch","line":20,"loc":{"start":{"line":20,"column":9},"end":{"line":45,"column":3}},"locations":[{"start":{"line":20,"column":9},"end":{"line":45,"column":3}}]},"1":{"type":"branch","line":31,"loc":{"start":{"line":31,"column":20},"end":{"line":38,"column":7}},"locations":[{"start":{"line":31,"column":20},"end":{"line":38,"column":7}}]},"2":{"type":"branch","line":31,"loc":{"start":{"line":31,"column":20},"end":{"line":36,"column":13}},"locations":[{"start":{"line":31,"column":20},"end":{"line":36,"column":13}}]},"3":{"type":"branch","line":42,"loc":{"start":{"line":42,"column":6},"end":{"line":44,"column":5}},"locations":[{"start":{"line":42,"column":6},"end":{"line":44,"column":5}}]},"4":{"type":"branch","line":26,"loc":{"start":{"line":26,"column":8},"end":{"line":26,"column":62}},"locations":[{"start":{"line":26,"column":8},"end":{"line":26,"column":62}}]},"5":{"type":"branch","line":47,"loc":{"start":{"line":47,"column":9},"end":{"line":72,"column":3}},"locations":[{"start":{"line":47,"column":9},"end":{"line":72,"column":3}}]},"6":{"type":"branch","line":58,"loc":{"start":{"line":58,"column":20},"end":{"line":65,"column":7}},"locations":[{"start":{"line":58,"column":20},"end":{"line":65,"column":7}}]},"7":{"type":"branch","line":69,"loc":{"start":{"line":69,"column":6},"end":{"line":71,"column":5}},"locations":[{"start":{"line":69,"column":6},"end":{"line":71,"column":5}}]},"8":{"type":"branch","line":53,"loc":{"start":{"line":53,"column":8},"end":{"line":53,"column":55}},"locations":[{"start":{"line":53,"column":8},"end":{"line":53,"column":55}}]},"9":{"type":"branch","line":74,"loc":{"start":{"line":74,"column":9},"end":{"line":87,"column":3}},"locations":[{"start":{"line":74,"column":9},"end":{"line":87,"column":3}}]},"10":{"type":"branch","line":82,"loc":{"start":{"line":82,"column":36},"end":{"line":82,"column":42}},"locations":[{"start":{"line":82,"column":36},"end":{"line":82,"column":42}}]},"11":{"type":"branch","line":84,"loc":{"start":{"line":84,"column":6},"end":{"line":86,"column":5}},"locations":[{"start":{"line":84,"column":6},"end":{"line":86,"column":5}}]}},"b":{"0":[3],"1":[2],"2":[1],"3":[0],"4":[5],"5":[2],"6":[1],"7":[0],"8":[6],"9":[2],"10":[0],"11":[0]},"fnMap":{"0":{"name":"findUrlShortened","decl":{"start":{"line":20,"column":9},"end":{"line":45,"column":3}},"loc":{"start":{"line":20,"column":9},"end":{"line":45,"column":3}},"line":20},"1":{"name":"findUrlOriginal","decl":{"start":{"line":47,"column":9},"end":{"line":72,"column":3}},"loc":{"start":{"line":47,"column":9},"end":{"line":72,"column":3}},"line":47},"2":{"name":"create","decl":{"start":{"line":74,"column":9},"end":{"line":87,"column":3}},"loc":{"start":{"line":74,"column":9},"end":{"line":87,"column":3}},"line":74}},"f":{"0":3,"1":2,"2":2}}
,"C:\\Users\\hlvieira\\Desktop\\Henrique\\JS\\Node\\Node-URL-Shortener\\src\\routes\\shortener.route.ts": {"path":"C:\\Users\\hlvieira\\Desktop\\Henrique\\JS\\Node\\Node-URL-Shortener\\src\\routes\\shortener.route.ts","all":false,"statementMap":{"0":{"start":{"line":1,"column":0},"end":{"line":1,"column":33}},"1":{"start":{"line":2,"column":0},"end":{"line":2,"column":0}},"2":{"start":{"line":3,"column":0},"end":{"line":3,"column":74}},"3":{"start":{"line":4,"column":0},"end":{"line":4,"column":0}},"4":{"start":{"line":5,"column":0},"end":{"line":5,"column":32}},"5":{"start":{"line":6,"column":0},"end":{"line":6,"column":54}},"6":{"start":{"line":7,"column":0},"end":{"line":7,"column":0}},"7":{"start":{"line":8,"column":0},"end":{"line":8,"column":53}},"8":{"start":{"line":9,"column":0},"end":{"line":9,"column":63}},"9":{"start":{"line":10,"column":0},"end":{"line":10,"column":0}},"10":{"start":{"line":11,"column":0},"end":{"line":11,"column":30}}},"s":{"0":1,"1":1,"2":1,"3":1,"4":1,"5":1,"6":1,"7":1,"8":1,"9":1,"10":1},"branchMap":{},"b":{},"fnMap":{},"f":{}}
,"C:\\Users\\hlvieira\\Desktop\\Henrique\\JS\\Node\\Node-URL-Shortener\\src\\util\\configs.ts": {"path":"C:\\Users\\hlvieira\\Desktop\\Henrique\\JS\\Node\\Node-URL-Shortener\\src\\util\\configs.ts","all":false,"statementMap":{"0":{"start":{"line":1,"column":0},"end":{"line":1,"column":41}},"1":{"start":{"line":2,"column":0},"end":{"line":2,"column":0}},"2":{"start":{"line":3,"column":0},"end":{"line":3,"column":15}},"3":{"start":{"line":4,"column":0},"end":{"line":4,"column":36}},"4":{"start":{"line":5,"column":0},"end":{"line":5,"column":52}},"5":{"start":{"line":6,"column":0},"end":{"line":6,"column":19}},"6":{"start":{"line":7,"column":0},"end":{"line":7,"column":3}},"7":{"start":{"line":8,"column":0},"end":{"line":8,"column":1}},"8":{"start":{"line":9,"column":0},"end":{"line":9,"column":0}},"9":{"start":{"line":10,"column":0},"end":{"line":10,"column":29}}},"s":{"0":4,"1":4,"2":4,"3":4,"4":4,"5":4,"6":4,"7":4,"8":4,"9":4},"branchMap":{"0":{"type":"branch","line":1,"loc":{"start":{"line":1,"column":0},"end":{"line":10,"column":29}},"locations":[{"start":{"line":1,"column":0},"end":{"line":10,"column":29}}]},"1":{"type":"branch","line":1,"loc":{"start":{"line":1,"column":0},"end":{"line":10,"column":29}},"locations":[{"start":{"line":1,"column":0},"end":{"line":10,"column":29}}]},"2":{"type":"branch","line":4,"loc":{"start":{"line":4,"column":11},"end":{"line":6,"column":2}},"locations":[{"start":{"line":4,"column":11},"end":{"line":6,"column":2}}]},"3":{"type":"branch","line":5,"loc":{"start":{"line":5,"column":26},"end":{"line":5,"column":31}},"locations":[{"start":{"line":5,"column":26},"end":{"line":5,"column":31}}]}},"b":{"0":[4],"1":[4],"2":[4],"3":[0]},"fnMap":{"0":{"name":"Object.<anonymous>","decl":{"start":{"line":1,"column":0},"end":{"line":10,"column":29}},"loc":{"start":{"line":1,"column":0},"end":{"line":10,"column":29}},"line":1},"1":{"name":"Object.<anonymous>.__importDefault","decl":{"start":{"line":4,"column":11},"end":{"line":6,"column":2}},"loc":{"start":{"line":4,"column":11},"end":{"line":6,"column":2}},"line":4}},"f":{"0":4,"1":4}}
,"C:\\Users\\hlvieira\\Desktop\\Henrique\\JS\\Node\\Node-URL-Shortener\\src\\util\\env.ts": {"path":"C:\\Users\\hlvieira\\Desktop\\Henrique\\JS\\Node\\Node-URL-Shortener\\src\\util\\env.ts","all":false,"statementMap":{"0":{"start":{"line":1,"column":0},"end":{"line":1,"column":33}},"1":{"start":{"line":2,"column":0},"end":{"line":2,"column":16}},"2":{"start":{"line":3,"column":0},"end":{"line":3,"column":0}},"3":{"start":{"line":4,"column":0},"end":{"line":4,"column":11}},"4":{"start":{"line":5,"column":0},"end":{"line":5,"column":24}},"5":{"start":{"line":6,"column":0},"end":{"line":6,"column":32}},"6":{"start":{"line":7,"column":0},"end":{"line":7,"column":3}},"7":{"start":{"line":8,"column":0},"end":{"line":8,"column":1}},"8":{"start":{"line":9,"column":0},"end":{"line":9,"column":0}},"9":{"start":{"line":10,"column":0},"end":{"line":10,"column":25}}},"s":{"0":3,"1":3,"2":3,"3":3,"4":3,"5":3,"6":3,"7":3,"8":3,"9":3},"branchMap":{"0":{"type":"branch","line":1,"loc":{"start":{"line":1,"column":0},"end":{"line":10,"column":25}},"locations":[{"start":{"line":1,"column":0},"end":{"line":10,"column":25}}]},"1":{"type":"branch","line":1,"loc":{"start":{"line":1,"column":0},"end":{"line":10,"column":25}},"locations":[{"start":{"line":1,"column":0},"end":{"line":10,"column":25}}]}},"b":{"0":[3],"1":[3]},"fnMap":{"0":{"name":"Object.<anonymous>","decl":{"start":{"line":1,"column":0},"end":{"line":10,"column":25}},"loc":{"start":{"line":1,"column":0},"end":{"line":10,"column":25}},"line":1}},"f":{"0":3}}
}
