TN:
SF:src\logger.ts
FNF:0
FNH:0
DA:1,1
DA:2,1
DA:3,1
DA:4,1
DA:5,1
DA:6,1
DA:7,1
DA:8,1
DA:9,1
DA:10,1
LF:10
LH:10
BRF:0
BRH:0
end_of_record
TN:
SF:src\server.ts
FN:16,SetupServer
FN:20,setupExpress
FN:34,setupControllers
FN:38,setupErrorHandlers
FN:42,setupDatabase
FN:49,init
FN:62,start
FN:69,close
FN:73,getApp
FNF:9
FNH:8
FNDA:1,SetupServer
FNDA:1,setupExpress
FNDA:1,setupControllers
FNDA:1,setupErrorHandlers
FNDA:1,setupDatabase
FNDA:1,init
FNDA:0,start
FNDA:1,close
FNDA:1,getApp
DA:1,1
DA:2,1
DA:3,1
DA:4,1
DA:5,1
DA:6,1
DA:7,1
DA:8,1
DA:9,1
DA:10,1
DA:11,1
DA:12,1
DA:13,1
DA:14,1
DA:15,1
DA:16,1
DA:17,1
DA:18,1
DA:19,1
DA:20,1
DA:21,1
DA:22,1
DA:23,1
DA:24,1
DA:25,1
DA:26,1
DA:27,1
DA:28,1
DA:29,1
DA:30,1
DA:31,1
DA:32,1
DA:33,1
DA:34,1
DA:35,1
DA:36,1
DA:37,1
DA:38,1
DA:39,1
DA:40,1
DA:41,1
DA:42,1
DA:43,1
DA:44,1
DA:45,0
DA:46,0
DA:47,1
DA:48,1
DA:49,1
DA:50,1
DA:51,1
DA:52,1
DA:53,1
DA:54,1
DA:55,1
DA:56,1
DA:57,1
DA:58,1
DA:59,1
DA:60,1
DA:61,1
DA:62,1
DA:63,0
DA:64,0
DA:65,0
DA:66,0
DA:67,0
DA:68,1
DA:69,1
DA:70,1
DA:71,1
DA:72,1
DA:73,1
DA:74,1
DA:75,1
DA:76,1
DA:77,1
DA:78,1
LF:78
LH:71
BRDA:16,0,0,1
BRDA:20,1,0,1
BRDA:34,2,0,1
BRDA:38,3,0,1
BRDA:42,4,0,1
BRDA:44,5,0,0
BRDA:49,6,0,1
BRDA:57,7,0,1
BRDA:69,8,0,1
BRDA:73,9,0,1
BRF:10
BRH:9
end_of_record
TN:
SF:src\controllers\shortener.controller.ts
FN:12,generateShortid
FN:17,formatURL
FN:37,create
FN:89,redirect
FNF:4
FNH:4
FNDA:3,generateShortid
FNDA:4,formatURL
FNDA:4,create
FNDA:3,redirect
DA:1,1
DA:2,1
DA:3,1
DA:4,1
DA:5,1
DA:6,1
DA:7,1
DA:8,1
DA:9,1
DA:10,1
DA:11,1
DA:12,3
DA:13,3
DA:14,3
DA:15,3
DA:16,1
DA:17,4
DA:18,4
DA:19,4
DA:20,1
DA:21,1
DA:22,4
DA:23,4
DA:24,4
DA:25,4
DA:26,4
DA:27,4
DA:28,4
DA:29,4
DA:30,4
DA:31,1
DA:32,1
DA:33,1
DA:34,4
DA:35,1
DA:36,1
DA:37,1
DA:38,4
DA:39,4
DA:40,4
DA:41,4
DA:42,4
DA:43,4
DA:44,1
DA:45,1
DA:46,3
DA:47,3
DA:48,3
DA:49,3
DA:50,3
DA:51,3
DA:52,3
DA:53,3
DA:54,3
DA:55,3
DA:56,1
DA:57,3
DA:58,2
DA:59,2
DA:60,2
DA:61,3
DA:62,3
DA:63,3
DA:64,3
DA:65,3
DA:66,3
DA:67,3
DA:68,3
DA:69,3
DA:70,2
DA:71,2
DA:72,2
DA:73,3
DA:74,3
DA:75,3
DA:76,3
DA:77,3
DA:78,3
DA:79,3
DA:80,3
DA:81,3
DA:82,3
DA:83,3
DA:84,3
DA:85,1
DA:86,1
DA:87,4
DA:88,1
DA:89,1
DA:90,3
DA:91,3
DA:92,3
DA:93,3
DA:94,3
DA:95,3
DA:96,3
DA:97,3
DA:98,1
DA:99,1
DA:100,2
DA:101,2
DA:102,2
DA:103,2
DA:104,2
DA:105,3
DA:106,1
DA:107,1
DA:108,1
DA:109,1
DA:110,1
DA:111,1
DA:112,1
DA:113,1
DA:114,1
DA:115,1
DA:116,1
DA:117,1
DA:118,3
DA:119,2
DA:120,2
DA:121,3
DA:122,1
LF:122
LH:122
BRDA:12,0,0,3
BRDA:17,1,0,4
BRDA:19,2,0,3
BRDA:19,3,0,1
BRDA:30,4,0,1
BRDA:37,5,0,4
BRDA:43,6,0,3
BRDA:43,7,0,1
BRDA:55,8,0,1
BRDA:57,9,0,2
BRDA:69,10,0,2
BRDA:84,11,0,1
BRDA:89,12,0,3
BRDA:97,13,0,2
BRDA:97,14,0,2
BRDA:97,15,0,1
BRDA:105,16,0,1
BRDA:118,17,0,2
BRF:18
BRH:18
end_of_record
TN:
SF:src\database\MongoConnection.ts
FN:9,getStringConnection
FN:16,connect
FN:36,close
FNF:3
FNH:1
FNDA:0,getStringConnection
FNDA:0,connect
FNDA:1,close
DA:1,1
DA:2,1
DA:3,1
DA:4,1
DA:5,1
DA:6,1
DA:7,1
DA:8,1
DA:9,1
DA:10,0
DA:11,0
DA:12,0
DA:13,0
DA:14,0
DA:15,1
DA:16,1
DA:17,0
DA:18,0
DA:19,0
DA:20,0
DA:21,0
DA:22,0
DA:23,0
DA:24,0
DA:25,0
DA:26,0
DA:27,0
DA:28,0
DA:29,0
DA:30,0
DA:31,0
DA:32,0
DA:33,0
DA:34,0
DA:35,1
DA:36,1
DA:37,1
DA:38,0
DA:39,1
DA:40,1
DA:41,1
LF:41
LH:17
BRDA:36,0,0,1
BRDA:38,1,0,0
BRF:2
BRH:1
end_of_record
TN:
SF:src\middlewares\error-handler.middleware.ts
FN:9,errorHandlerMiddleware
FNF:1
FNH:1
FNDA:5,errorHandlerMiddleware
DA:1,1
DA:2,1
DA:3,1
DA:4,1
DA:5,1
DA:6,1
DA:7,1
DA:8,1
DA:9,5
DA:10,5
DA:11,5
DA:12,5
DA:13,5
DA:14,5
DA:15,5
DA:16,5
DA:17,5
DA:18,5
DA:19,5
DA:20,1
DA:21,5
DA:22,1
DA:23,4
DA:24,2
DA:25,2
DA:26,1
DA:27,1
DA:28,5
DA:29,5
DA:30,5
DA:31,1
DA:32,1
LF:32
LH:32
BRDA:9,0,0,5
BRDA:16,1,0,1
BRDA:19,2,0,1
BRDA:21,3,0,4
BRDA:21,4,0,1
BRDA:23,5,0,3
BRDA:23,6,0,2
BRDA:25,7,0,1
BRF:8
BRH:8
end_of_record
TN:
SF:src\models\errors\badRequest.error.model.ts
FN:1,Object.<anonymous>
FN:4,BadRequestError
FNF:2
FNH:2
FNDA:4,Object.<anonymous>
FNDA:7,BadRequestError
DA:1,4
DA:2,4
DA:3,4
DA:4,4
DA:5,7
DA:6,7
DA:7,7
DA:8,7
DA:9,7
DA:10,7
DA:11,7
LF:11
LH:11
BRDA:1,0,0,4
BRDA:1,1,0,4
BRDA:4,2,0,7
BRF:3
BRH:3
end_of_record
TN:
SF:src\models\errors\database.error.model.ts
FN:1,Object.<anonymous>
FN:4,DatabaseError
FNF:2
FNH:2
FNDA:4,Object.<anonymous>
FNDA:2,DatabaseError
DA:1,4
DA:2,4
DA:3,4
DA:4,4
DA:5,2
DA:6,2
DA:7,2
DA:8,2
DA:9,2
DA:10,2
DA:11,2
LF:11
LH:11
BRDA:1,0,0,4
BRDA:1,1,0,4
BRDA:4,2,0,2
BRF:3
BRH:3
end_of_record
TN:
SF:src\models\errors\forbidden.error.model.ts
FN:1,Object.<anonymous>
FN:4,ForbiddenError
FNF:2
FNH:2
FNDA:3,Object.<anonymous>
FNDA:2,ForbiddenError
DA:1,3
DA:2,3
DA:3,3
DA:4,3
DA:5,2
DA:6,2
DA:7,2
DA:8,2
DA:9,2
DA:10,2
DA:11,2
LF:11
LH:11
BRDA:1,0,0,3
BRDA:1,1,0,3
BRDA:4,2,0,2
BRF:3
BRH:3
end_of_record
TN:
SF:src\repositories\url.repositorie.ts
FN:20,findUrlShortened
FN:47,findUrlOriginal
FN:74,create
FNF:3
FNH:3
FNDA:3,findUrlShortened
FNDA:2,findUrlOriginal
FNDA:2,create
DA:1,1
DA:2,1
DA:3,1
DA:4,1
DA:5,1
DA:6,1
DA:7,1
DA:8,1
DA:9,1
DA:10,1
DA:11,1
DA:12,1
DA:13,1
DA:14,1
DA:15,1
DA:16,1
DA:17,1
DA:18,1
DA:19,1
DA:20,1
DA:21,3
DA:22,3
DA:23,3
DA:24,3
DA:25,3
DA:26,3
DA:27,3
DA:28,3
DA:29,3
DA:30,3
DA:31,3
DA:32,1
DA:33,1
DA:34,1
DA:35,1
DA:36,2
DA:37,2
DA:38,2
DA:39,3
DA:40,3
DA:41,3
DA:42,3
DA:43,0
DA:44,0
DA:45,3
DA:46,1
DA:47,1
DA:48,2
DA:49,2
DA:50,2
DA:51,2
DA:52,2
DA:53,2
DA:54,2
DA:55,2
DA:56,2
DA:57,2
DA:58,2
DA:59,1
DA:60,1
DA:61,1
DA:62,1
DA:63,1
DA:64,1
DA:65,1
DA:66,2
DA:67,2
DA:68,2
DA:69,2
DA:70,0
DA:71,0
DA:72,2
DA:73,1
DA:74,1
DA:75,2
DA:76,2
DA:77,2
DA:78,2
DA:79,2
DA:80,2
DA:81,2
DA:82,2
DA:83,2
DA:84,2
DA:85,0
DA:86,0
DA:87,2
DA:88,1
DA:89,1
DA:90,1
LF:90
LH:84
BRDA:20,0,0,3
BRDA:31,1,0,2
BRDA:31,2,0,1
BRDA:42,3,0,0
BRDA:26,4,0,5
BRDA:47,5,0,2
BRDA:58,6,0,1
BRDA:69,7,0,0
BRDA:53,8,0,6
BRDA:74,9,0,2
BRDA:82,10,0,0
BRDA:84,11,0,0
BRF:12
BRH:8
end_of_record
TN:
SF:src\routes\shortener.route.ts
FNF:0
FNH:0
DA:1,1
DA:2,1
DA:3,1
DA:4,1
DA:5,1
DA:6,1
DA:7,1
DA:8,1
DA:9,1
DA:10,1
DA:11,1
LF:11
LH:11
BRF:0
BRH:0
end_of_record
TN:
SF:src\util\configs.ts
FN:1,Object.<anonymous>
FN:4,Object.<anonymous>.__importDefault
FNF:2
FNH:2
FNDA:4,Object.<anonymous>
FNDA:4,Object.<anonymous>.__importDefault
DA:1,4
DA:2,4
DA:3,4
DA:4,4
DA:5,4
DA:6,4
DA:7,4
DA:8,4
DA:9,4
DA:10,4
LF:10
LH:10
BRDA:1,0,0,4
BRDA:1,1,0,4
BRDA:4,2,0,4
BRDA:5,3,0,0
BRF:4
BRH:3
end_of_record
TN:
SF:src\util\env.ts
FN:1,Object.<anonymous>
FNF:1
FNH:1
FNDA:3,Object.<anonymous>
DA:1,3
DA:2,3
DA:3,3
DA:4,3
DA:5,3
DA:6,3
DA:7,3
DA:8,3
DA:9,3
DA:10,3
LF:10
LH:10
BRDA:1,0,0,3
BRDA:1,1,0,3
BRF:2
BRH:2
end_of_record
